Determining if the pthread_create exist failed with the following output:
Change Dir: /home/geekayman/irb6640_ws/build/CMakeFiles/CMakeTmp

Run Build Command:"/usr/bin/make" "cmTC_5aa22/fast"
/usr/bin/make -f CMakeFiles/cmTC_5aa22.dir/build.make CMakeFiles/cmTC_5aa22.dir/build
make[1] : on entre dans le répertoire « /home/geekayman/irb6640_ws/build/CMakeFiles/CMakeTmp »
Building C object CMakeFiles/cmTC_5aa22.dir/CheckSymbolExists.c.o
/usr/bin/cc    -o CMakeFiles/cmTC_5aa22.dir/CheckSymbolExists.c.o   -c /home/geekayman/irb6640_ws/build/CMakeFiles/CMakeTmp/CheckSymbolExists.c
Linking C executable cmTC_5aa22
/usr/bin/cmake -E cmake_link_script CMakeFiles/cmTC_5aa22.dir/link.txt --verbose=1
/usr/bin/cc      -rdynamic CMakeFiles/cmTC_5aa22.dir/CheckSymbolExists.c.o  -o cmTC_5aa22 
CMakeFiles/cmTC_5aa22.dir/CheckSymbolExists.c.o : Dans la fonction « main » :
CheckSymbolExists.c:(.text+0x1b) : référence indéfinie vers « pthread_create »
collect2: error: ld returned 1 exit status
CMakeFiles/cmTC_5aa22.dir/build.make:97: recipe for target 'cmTC_5aa22' failed
make[1]: *** [cmTC_5aa22] Error 1
make[1] : on quitte le répertoire « /home/geekayman/irb6640_ws/build/CMakeFiles/CMakeTmp »
Makefile:126: recipe for target 'cmTC_5aa22/fast' failed
make: *** [cmTC_5aa22/fast] Error 2

File /home/geekayman/irb6640_ws/build/CMakeFiles/CMakeTmp/CheckSymbolExists.c:
/* */
#include <pthread.h>

int main(int argc, char** argv)
{
  (void)argv;
#ifndef pthread_create
  return ((int*)(&pthread_create))[argc];
#else
  (void)argc;
  return 0;
#endif
}

Determining if the function pthread_create exists in the pthreads failed with the following output:
Change Dir: /home/geekayman/irb6640_ws/build/CMakeFiles/CMakeTmp

Run Build Command:"/usr/bin/make" "cmTC_cc179/fast"
/usr/bin/make -f CMakeFiles/cmTC_cc179.dir/build.make CMakeFiles/cmTC_cc179.dir/build
make[1] : on entre dans le répertoire « /home/geekayman/irb6640_ws/build/CMakeFiles/CMakeTmp »
Building C object CMakeFiles/cmTC_cc179.dir/CheckFunctionExists.c.o
/usr/bin/cc   -DCHECK_FUNCTION_EXISTS=pthread_create   -o CMakeFiles/cmTC_cc179.dir/CheckFunctionExists.c.o   -c /usr/share/cmake-3.10/Modules/CheckFunctionExists.c
Linking C executable cmTC_cc179
/usr/bin/cmake -E cmake_link_script CMakeFiles/cmTC_cc179.dir/link.txt --verbose=1
/usr/bin/cc  -DCHECK_FUNCTION_EXISTS=pthread_create    -rdynamic CMakeFiles/cmTC_cc179.dir/CheckFunctionExists.c.o  -o cmTC_cc179 -lpthreads 
/usr/bin/ld : ne peut trouver -lpthreads
collect2: error: ld returned 1 exit status
CMakeFiles/cmTC_cc179.dir/build.make:97: recipe for target 'cmTC_cc179' failed
make[1]: *** [cmTC_cc179] Error 1
make[1] : on quitte le répertoire « /home/geekayman/irb6640_ws/build/CMakeFiles/CMakeTmp »
Makefile:126: recipe for target 'cmTC_cc179/fast' failed
make: *** [cmTC_cc179/fast] Error 2


